<?xml version="1.0" encoding="UTF-8"?>
<!-- Generated by org.testng.reporters.JUnitXMLReporter -->
<testsuite ignored="15" hostname="DVCINH6090522" failures="0" tests="3" name="Regression" time="95.711" errors="0" timestamp="2024-09-25T23:38:00 IST">
  <testcase classname="com.mystore.test.EntToEndTest" name="endToEndTest" time="31.787"/>
  <testcase classname="com.mystore.test.OrderPageTest" name="verifyTotalPrice" time="11.061"/>
  <testcase classname="com.mystore.test.AddToCartPageTest" name="addToCartTest" time="7.551"/>
  <testcase classname="com.mystore.test.ManagerTest" name="firstTest" time="0.0">
    <ignored/>
  </testcase> <!-- firstTest -->
  <testcase classname="com.mystore.test.AccountCreationPageTest" name="verifyAccountCreationPageTest" time="0.0">
    <ignored/>
  </testcase> <!-- verifyAccountCreationPageTest -->
  <testcase classname="com.mystore.test.SearchResultPageTest" name="productAvailabilityTest" time="0.0">
    <ignored/>
  </testcase> <!-- productAvailabilityTest -->
  <testcase classname="com.mystore.test.IndexPageTest" name="verifyTitle" time="0.0">
    <ignored/>
  </testcase> <!-- verifyTitle -->
  <testcase classname="com.mystore.base.BaseClass" name="@BeforeSuite loadCOnfig" time="0.0">
    <ignored/>
  </testcase> <!-- @BeforeSuite loadCOnfig -->
  <testcase classname="com.mystore.base.BaseClass" name="@BeforeSuite loadCOnfig" time="0.0">
    <ignored/>
  </testcase> <!-- @BeforeSuite loadCOnfig -->
  <testcase classname="com.mystore.base.BaseClass" name="@BeforeSuite loadCOnfig" time="0.0">
    <ignored/>
  </testcase> <!-- @BeforeSuite loadCOnfig -->
  <testcase classname="com.mystore.base.BaseClass" name="@BeforeSuite loadCOnfig" time="0.0">
    <ignored/>
  </testcase> <!-- @BeforeSuite loadCOnfig -->
  <testcase classname="com.mystore.base.BaseClass" name="@BeforeSuite loadCOnfig" time="0.0">
    <ignored/>
  </testcase> <!-- @BeforeSuite loadCOnfig -->
  <testcase classname="com.mystore.base.BaseClass" name="@BeforeSuite loadCOnfig" time="0.0">
    <ignored/>
  </testcase> <!-- @BeforeSuite loadCOnfig -->
  <testcase classname="com.mystore.base.BaseClass" name="@BeforeSuite loadCOnfig" time="0.0">
    <ignored/>
  </testcase> <!-- @BeforeSuite loadCOnfig -->
  <testcase classname="com.mystore.test.HomePageTest" name="myAddressesTest" time="0.0">
    <ignored/>
  </testcase> <!-- myAddressesTest -->
  <testcase classname="com.mystore.test.HomePageTest" name="orderHistoryTest" time="0.0">
    <ignored/>
  </testcase> <!-- orderHistoryTest -->
  <testcase classname="com.mystore.test.IndexPageTest" name="verifyLogo" time="0.0">
    <ignored/>
  </testcase> <!-- verifyLogo -->
  <testcase classname="com.mystore.test.LoginPageTest" name="loginTest" time="0.0">
    <ignored/>
  </testcase> <!-- loginTest -->
</testsuite> <!-- Regression -->
