<?xml version="1.0" encoding="UTF-8"?>
<!-- Generated by org.testng.reporters.JUnitXMLReporter -->
<testsuite ignored="0" hostname="DVCINH6090522" failures="0" tests="4" name="Chrome Test" time="26.287" errors="0" timestamp="2024-09-25T10:46:03 IST">
  <testcase classname="com.mystore.test.IndexPageTest" name="verifyLogo" time="0.247"/>
  <testcase classname="com.mystore.test.IndexPageTest" name="verifyLogo" time="0.174"/>
  <testcase classname="com.mystore.test.IndexPageTest" name="verifyLogo" time="0.199"/>
  <testcase classname="com.mystore.test.IndexPageTest" name="verifyTitle" time="2.903"/>
</testsuite> <!-- Chrome Test -->
