<?xml version="1.0" encoding="UTF-8"?>
<!-- Generated by org.testng.reporters.JUnitXMLReporter -->
<testsuite ignored="2" hostname="DVCINH6090522" failures="0" tests="4" name="Test1" time="26.226" errors="0" timestamp="2024-09-25T00:03:14 IST">
  <testcase classname="com.mystore.test.IndexPageTest" name="verifyLogo" time="3.352"/>
  <testcase classname="com.mystore.test.IndexPageTest" name="verifyTitle" time="0.047"/>
  <testcase classname="com.mystore.test.HomePageTest" name="orderHistoryTest" time="6.227"/>
  <testcase classname="com.mystore.test.HomePageTest" name="myAddressesTest" time="16.237"/>
  <testcase classname="com.mystore.base.BaseClass" name="@BeforeSuite beforeSuite" time="0.0">
    <ignored/>
  </testcase> <!-- @BeforeSuite beforeSuite -->
  <testcase classname="com.mystore.base.BaseClass" name="@BeforeTest loadConfiguration" time="0.0">
    <ignored/>
  </testcase> <!-- @BeforeTest loadConfiguration -->
</testsuite> <!-- Test1 -->
