<?xml version="1.0" encoding="UTF-8"?>
<testng-results ignored="12" total="18" passed="5" failed="1" skipped="0">
  <reporter-output>
  </reporter-output>
  <suite started-at="2024-09-25T11:56:03 IST" name="Smoke" finished-at="2024-09-25T11:56:51 IST" duration-ms="48039">
    <groups>
      <group name="smoke">
        <method signature="HomePageTest.myAddressesTest()[pri:0, instance:com.mystore.test.HomePageTest@2e005c4b]" name="myAddressesTest" class="com.mystore.test.HomePageTest"/>
        <method signature="HomePageTest.orderHistoryTest()[pri:0, instance:com.mystore.test.HomePageTest@2e005c4b]" name="orderHistoryTest" class="com.mystore.test.HomePageTest"/>
        <method signature="IndexPageTest.verifyLogo()[pri:0, instance:com.mystore.test.IndexPageTest@694abbdc]" name="verifyLogo" class="com.mystore.test.IndexPageTest"/>
        <method signature="IndexPageTest.verifyTitle()[pri:0, instance:com.mystore.test.IndexPageTest@694abbdc]" name="verifyTitle" class="com.mystore.test.IndexPageTest"/>
        <method signature="LoginPageTest.loginTest(java.lang.String, java.lang.String)[pri:0, instance:com.mystore.test.LoginPageTest@5ffead27]" name="loginTest" class="com.mystore.test.LoginPageTest"/>
        <method signature="SearchResultPageTest.productAvailabilityTest()[pri:0, instance:com.mystore.test.SearchResultPageTest@4567f35d]" name="productAvailabilityTest" class="com.mystore.test.SearchResultPageTest"/>
      </group> <!-- smoke -->
      <group name="sanity">
        <method signature="LoginPageTest.loginTest(java.lang.String, java.lang.String)[pri:0, instance:com.mystore.test.LoginPageTest@5ffead27]" name="loginTest" class="com.mystore.test.LoginPageTest"/>
      </group> <!-- sanity -->
    </groups>
    <test started-at="2024-09-25T11:56:03 IST" name="Smoke" finished-at="2024-09-25T11:56:51 IST" duration-ms="48039">
      <class name="com.mystore.test.HomePageTest">
        <test-method is-config="true" signature="setup(java.lang.String)[pri:0, instance:com.mystore.test.HomePageTest@2e005c4b]" started-at="2024-09-25T11:56:03 IST" name="setup" finished-at="2024-09-25T11:56:25 IST" duration-ms="22679" status="PASS">
          <params>
            <param index="0">
              <value>
                <![CDATA[chrome]]>
              </value>
            </param>
          </params>
          <reporter-output>
          </reporter-output>
        </test-method> <!-- setup -->
        <test-method is-config="true" signature="setup(java.lang.String)[pri:0, instance:com.mystore.test.HomePageTest@2e005c4b]" started-at="2024-09-25T11:56:03 IST" name="setup" finished-at="2024-09-25T11:56:14 IST" duration-ms="11465" status="PASS">
          <params>
            <param index="0">
              <value>
                <![CDATA[chrome]]>
              </value>
            </param>
          </params>
          <reporter-output>
          </reporter-output>
        </test-method> <!-- setup -->
        <test-method signature="orderHistoryTest()[pri:0, instance:com.mystore.test.HomePageTest@2e005c4b]" started-at="2024-09-25T11:56:14 IST" name="orderHistoryTest" finished-at="2024-09-25T11:56:34 IST" duration-ms="20123" status="PASS">
          <reporter-output>
          </reporter-output>
        </test-method> <!-- orderHistoryTest -->
        <test-method signature="myAddressesTest()[pri:0, instance:com.mystore.test.HomePageTest@2e005c4b]" started-at="2024-09-25T11:56:25 IST" name="myAddressesTest" finished-at="2024-09-25T11:56:34 IST" duration-ms="8279" status="PASS">
          <reporter-output>
          </reporter-output>
        </test-method> <!-- myAddressesTest -->
        <test-method is-config="true" signature="teardown()[pri:0, instance:com.mystore.test.HomePageTest@2e005c4b]" started-at="2024-09-25T11:56:34 IST" name="teardown" finished-at="2024-09-25T11:56:35 IST" duration-ms="1381" status="PASS">
          <reporter-output>
          </reporter-output>
        </test-method> <!-- teardown -->
        <test-method is-config="true" signature="teardown()[pri:0, instance:com.mystore.test.HomePageTest@2e005c4b]" started-at="2024-09-25T11:56:34 IST" name="teardown" finished-at="2024-09-25T11:56:36 IST" duration-ms="1557" status="PASS">
          <reporter-output>
          </reporter-output>
        </test-method> <!-- teardown -->
      </class> <!-- com.mystore.test.HomePageTest -->
      <class name="com.mystore.test.IndexPageTest">
        <test-method is-config="true" signature="loadCOnfig()[pri:0, instance:com.mystore.test.IndexPageTest@694abbdc]" started-at="2024-09-25T11:56:02 IST" name="loadCOnfig" finished-at="2024-09-25T11:56:03 IST" duration-ms="283" status="PASS">
          <reporter-output>
          </reporter-output>
        </test-method> <!-- loadCOnfig -->
        <test-method is-config="true" signature="setup(java.lang.String)[pri:0, instance:com.mystore.test.IndexPageTest@694abbdc]" started-at="2024-09-25T11:56:03 IST" name="setup" finished-at="2024-09-25T11:56:26 IST" duration-ms="23165" status="PASS">
          <params>
            <param index="0">
              <value>
                <![CDATA[chrome]]>
              </value>
            </param>
          </params>
          <reporter-output>
          </reporter-output>
        </test-method> <!-- setup -->
        <test-method is-config="true" signature="setup(java.lang.String)[pri:0, instance:com.mystore.test.IndexPageTest@694abbdc]" started-at="2024-09-25T11:56:03 IST" name="setup" finished-at="2024-09-25T11:56:15 IST" duration-ms="12296" status="PASS">
          <params>
            <param index="0">
              <value>
                <![CDATA[chrome]]>
              </value>
            </param>
          </params>
          <reporter-output>
          </reporter-output>
        </test-method> <!-- setup -->
        <test-method signature="verifyTitle()[pri:0, instance:com.mystore.test.IndexPageTest@694abbdc]" started-at="2024-09-25T11:56:15 IST" name="verifyTitle" finished-at="2024-09-25T11:56:15 IST" duration-ms="6" status="FAIL">
          <exception class="java.lang.NullPointerException">
            <message>
              <![CDATA[Cannot invoke "com.mystore.pageobjects.IndexPage.getMyStoreTitle()" because "this.indexPage" is null]]>
            </message>
            <full-stacktrace>
              <![CDATA[java.lang.NullPointerException: Cannot invoke "com.mystore.pageobjects.IndexPage.getMyStoreTitle()" because "this.indexPage" is null
at com.mystore.test.IndexPageTest.verifyTitle(IndexPageTest.java:41)
at java.base/jdk.internal.reflect.DirectMethodHandleAccessor.invoke(DirectMethodHandleAccessor.java:103)
at java.base/java.lang.reflect.Method.invoke(Method.java:580)
at org.testng.internal.MethodInvocationHelper.invokeMethod(MethodInvocationHelper.java:134)
at org.testng.internal.TestInvoker.invokeMethod(TestInvoker.java:597)
at org.testng.internal.TestInvoker.invokeTestMethod(TestInvoker.java:173)
at org.testng.internal.MethodRunner.runInSequence(MethodRunner.java:46)
at org.testng.internal.TestInvoker$MethodInvocationAgent.invoke(TestInvoker.java:816)
at org.testng.internal.TestInvoker.invokeTestMethods(TestInvoker.java:146)
at org.testng.internal.TestMethodWorker.invokeTestMethods(TestMethodWorker.java:146)
at org.testng.internal.TestMethodWorker.run(TestMethodWorker.java:128)
at java.base/java.util.concurrent.ThreadPoolExecutor.runWorker(ThreadPoolExecutor.java:1144)
at java.base/java.util.concurrent.ThreadPoolExecutor$Worker.run(ThreadPoolExecutor.java:642)
at java.base/java.lang.Thread.run(Thread.java:1570)
]]>
            </full-stacktrace>
          </exception> <!-- java.lang.NullPointerException -->
          <reporter-output>
          </reporter-output>
        </test-method> <!-- verifyTitle -->
        <test-method signature="verifyLogo()[pri:0, instance:com.mystore.test.IndexPageTest@694abbdc]" started-at="2024-09-25T11:56:26 IST" name="verifyLogo" finished-at="2024-09-25T11:56:26 IST" duration-ms="507" status="PASS">
          <reporter-output>
          </reporter-output>
        </test-method> <!-- verifyLogo -->
        <test-method is-config="true" signature="teardown()[pri:0, instance:com.mystore.test.IndexPageTest@694abbdc]" started-at="2024-09-25T11:56:26 IST" name="teardown" finished-at="2024-09-25T11:56:34 IST" duration-ms="7320" status="PASS">
          <reporter-output>
          </reporter-output>
        </test-method> <!-- teardown -->
        <test-method is-config="true" signature="teardown()[pri:0, instance:com.mystore.test.IndexPageTest@694abbdc]" started-at="2024-09-25T11:56:28 IST" name="teardown" finished-at="2024-09-25T11:56:32 IST" duration-ms="4562" status="PASS">
          <reporter-output>
          </reporter-output>
        </test-method> <!-- teardown -->
      </class> <!-- com.mystore.test.IndexPageTest -->
      <class name="com.mystore.test.LoginPageTest">
        <test-method is-config="true" signature="setup(java.lang.String)[pri:0, instance:com.mystore.test.LoginPageTest@5ffead27]" started-at="2024-09-25T11:56:35 IST" name="setup" finished-at="2024-09-25T11:56:43 IST" duration-ms="8602" status="PASS">
          <params>
            <param index="0">
              <value>
                <![CDATA[chrome]]>
              </value>
            </param>
          </params>
          <reporter-output>
          </reporter-output>
        </test-method> <!-- setup -->
        <test-method signature="loginTest(java.lang.String, java.lang.String)[pri:0, instance:com.mystore.test.LoginPageTest@5ffead27]" started-at="2024-09-25T11:56:43 IST" name="loginTest" data-provider="Credentials" finished-at="2024-09-25T11:56:49 IST" duration-ms="5735" status="PASS">
          <params>
            <param index="0">
              <value>
                <![CDATA[peter.pan@xyz.com]]>
              </value>
            </param>
            <param index="1">
              <value>
                <![CDATA[peterpan]]>
              </value>
            </param>
          </params>
          <reporter-output>
          </reporter-output>
        </test-method> <!-- loginTest -->
        <test-method is-config="true" signature="teardown()[pri:0, instance:com.mystore.test.LoginPageTest@5ffead27]" started-at="2024-09-25T11:56:49 IST" name="teardown" finished-at="2024-09-25T11:56:51 IST" duration-ms="1876" status="PASS">
          <reporter-output>
          </reporter-output>
        </test-method> <!-- teardown -->
      </class> <!-- com.mystore.test.LoginPageTest -->
      <class name="com.mystore.test.SearchResultPageTest">
        <test-method is-config="true" signature="setup(java.lang.String)[pri:0, instance:com.mystore.test.SearchResultPageTest@4567f35d]" started-at="2024-09-25T11:56:03 IST" name="setup" finished-at="2024-09-25T11:56:26 IST" duration-ms="23164" status="PASS">
          <params>
            <param index="0">
              <value>
                <![CDATA[chrome]]>
              </value>
            </param>
          </params>
          <reporter-output>
          </reporter-output>
        </test-method> <!-- setup -->
        <test-method signature="productAvailabilityTest()[pri:0, instance:com.mystore.test.SearchResultPageTest@4567f35d]" started-at="2024-09-25T11:56:26 IST" name="productAvailabilityTest" finished-at="2024-09-25T11:56:31 IST" duration-ms="5408" status="PASS">
          <reporter-output>
          </reporter-output>
        </test-method> <!-- productAvailabilityTest -->
        <test-method is-config="true" signature="teardown()[pri:0, instance:com.mystore.test.SearchResultPageTest@4567f35d]" started-at="2024-09-25T11:56:31 IST" name="teardown" finished-at="2024-09-25T11:56:36 IST" duration-ms="4667" status="PASS">
          <reporter-output>
          </reporter-output>
        </test-method> <!-- teardown -->
      </class> <!-- com.mystore.test.SearchResultPageTest -->
    </test> <!-- Smoke -->
  </suite> <!-- Smoke -->
</testng-results>
