<?xml version="1.0" encoding="UTF-8"?>
<!-- Generated by org.testng.reporters.JUnitXMLReporter -->
<testsuite ignored="12" hostname="DVCINH6090522" failures="1" tests="6" name="Smoke" time="48.039" errors="0" timestamp="2024-09-25T11:56:51 IST">
  <testcase classname="com.mystore.test.IndexPageTest" name="verifyTitle" time="0.006">
    <failure type="java.lang.NullPointerException" message="Cannot invoke &amp;quot;com.mystore.pageobjects.IndexPage.getMyStoreTitle()&amp;quot; because &amp;quot;this.indexPage&amp;quot; is null">
      <![CDATA[java.lang.NullPointerException: Cannot invoke "com.mystore.pageobjects.IndexPage.getMyStoreTitle()" because "this.indexPage" is null
at com.mystore.test.IndexPageTest.verifyTitle(IndexPageTest.java:41)
at java.base/java.util.concurrent.ThreadPoolExecutor.runWorker(ThreadPoolExecutor.java:1144)
at java.base/java.util.concurrent.ThreadPoolExecutor$Worker.run(ThreadPoolExecutor.java:642)
at java.base/java.lang.Thread.run(Thread.java:1570)
... Removed 10 stack frames]]>
    </failure>
  </testcase> <!-- verifyTitle -->
  <testcase classname="com.mystore.test.IndexPageTest" name="verifyLogo" time="0.507"/>
  <testcase classname="com.mystore.test.SearchResultPageTest" name="productAvailabilityTest" time="5.408"/>
  <testcase classname="com.mystore.test.HomePageTest" name="myAddressesTest" time="8.279"/>
  <testcase classname="com.mystore.test.HomePageTest" name="orderHistoryTest" time="20.123"/>
  <testcase classname="com.mystore.test.LoginPageTest" name="loginTest" time="5.735"/>
  <testcase classname="com.mystore.test.OrderPageTest" name="verifyTotalPrice" time="0.0">
    <ignored/>
  </testcase> <!-- verifyTotalPrice -->
  <testcase classname="com.mystore.test.AddToCartPageTest" name="addToCartTest" time="0.0">
    <ignored/>
  </testcase> <!-- addToCartTest -->
  <testcase classname="com.mystore.test.ManagerTest" name="firstTest" time="0.0">
    <ignored/>
  </testcase> <!-- firstTest -->
  <testcase classname="com.mystore.test.AccountCreationPageTest" name="verifyAccountCreationPageTest" time="0.0">
    <ignored/>
  </testcase> <!-- verifyAccountCreationPageTest -->
  <testcase classname="com.mystore.base.BaseClass" name="@BeforeSuite loadCOnfig" time="0.0">
    <ignored/>
  </testcase> <!-- @BeforeSuite loadCOnfig -->
  <testcase classname="com.mystore.base.BaseClass" name="@BeforeSuite loadCOnfig" time="0.0">
    <ignored/>
  </testcase> <!-- @BeforeSuite loadCOnfig -->
  <testcase classname="com.mystore.base.BaseClass" name="@BeforeSuite loadCOnfig" time="0.0">
    <ignored/>
  </testcase> <!-- @BeforeSuite loadCOnfig -->
  <testcase classname="com.mystore.base.BaseClass" name="@BeforeSuite loadCOnfig" time="0.0">
    <ignored/>
  </testcase> <!-- @BeforeSuite loadCOnfig -->
  <testcase classname="com.mystore.base.BaseClass" name="@BeforeSuite loadCOnfig" time="0.0">
    <ignored/>
  </testcase> <!-- @BeforeSuite loadCOnfig -->
  <testcase classname="com.mystore.base.BaseClass" name="@BeforeSuite loadCOnfig" time="0.0">
    <ignored/>
  </testcase> <!-- @BeforeSuite loadCOnfig -->
  <testcase classname="com.mystore.base.BaseClass" name="@BeforeSuite loadCOnfig" time="0.0">
    <ignored/>
  </testcase> <!-- @BeforeSuite loadCOnfig -->
  <testcase classname="com.mystore.test.EntToEndTest" name="endToEndTest" time="0.0">
    <ignored/>
  </testcase> <!-- endToEndTest -->
</testsuite> <!-- Smoke -->
